<?xml version="1.0" encoding="UTF-8"?>
<testsuite name="com.restful.booker.cucumber.CucumberRunner" time="1.137" tests="27" errors="0" skipped="0" failures="0">
  <properties>
[...]
</properties>
  <testcase name="When I send POST request to create a new booking with firstName&quot;jenna&quot;, lastName&quot;thak&quot;, totalprice &quot;200&quot;, depositpaid &quot;no&quot;, checkin &quot;2023-10-05&quot;, checkout&quot;2023-11-05&quot; additionalneeds &quot;lunch&quot;" classname="| jenna | thak | 200 | no | 2023-10-05 | 2023-11-05 | lunch |" time="0.003"/>
  <testcase name="Then I verfiy that new booking is created by id" classname="| jenna | thak | 200 | no | 2023-10-05 | 2023-11-05 | lunch |" time="0"/>
  <testcase name="And I send a Put request with  firstName&quot;jenna&quot;, lastName&quot;thak&quot;, totalprice &quot;200&quot;, depositpaid &quot;no&quot;, checkin &quot;2023-10-05&quot;, checkout&quot;2023-11-05&quot; additionalneeds &quot;lunch&quot;" classname="| jenna | thak | 200 | no | 2023-10-05 | 2023-11-05 | lunch |" time="0"/>
  <testcase name="And The totalprice &quot;200&quot; is successfully updated" classname="| jenna | thak | 200 | no | 2023-10-05 | 2023-11-05 | lunch |" time="0"/>
  <testcase name="And I send delete booking by id" classname="| jenna | thak | 200 | no | 2023-10-05 | 2023-11-05 | lunch |" time="0"/>
  <testcase name="Then The booking is successfully deleted from the record" classname="| jenna | thak | 200 | no | 2023-10-05 | 2023-11-05 | lunch |" time="0"/>
  <testcase name="| jenna | thak | 200 | no | 2023-10-05 | 2023-11-05 | lunch |" classname="| jenna | thak | 200 | no | 2023-10-05 | 2023-11-05 | lunch |" time="0.004"/>
  <testcase name="When I send POST request to create a new booking with firstName&quot;John&quot;, lastName&quot;Cena&quot;, totalprice &quot;150&quot;, depositpaid &quot;No&quot;, checkin &quot;2023-11-08&quot;, checkout&quot;2023-12-08&quot; additionalneeds &quot;breakfastw&quot;" classname="| John | Cena | 150 | No | 2023-11-08 | 2023-12-08 | breakfastw |" time="0"/>
  <testcase name="Then I verfiy that new booking is created by id" classname="| John | Cena | 150 | No | 2023-11-08 | 2023-12-08 | breakfastw |" time="0"/>
  <testcase name="And I send a Put request with  firstName&quot;John&quot;, lastName&quot;Cena&quot;, totalprice &quot;150&quot;, depositpaid &quot;No&quot;, checkin &quot;2023-11-08&quot;, checkout&quot;2023-12-08&quot; additionalneeds &quot;breakfastw&quot;" classname="| John | Cena | 150 | No | 2023-11-08 | 2023-12-08 | breakfastw |" time="0"/>
  <testcase name="And The totalprice &quot;150&quot; is successfully updated" classname="| John | Cena | 150 | No | 2023-11-08 | 2023-12-08 | breakfastw |" time="0"/>
  <testcase name="And I send delete booking by id" classname="| John | Cena | 150 | No | 2023-11-08 | 2023-12-08 | breakfastw |" time="0"/>
  <testcase name="Then The booking is successfully deleted from the record" classname="| John | Cena | 150 | No | 2023-11-08 | 2023-12-08 | breakfastw |" time="0"/>
  <testcase name="| John | Cena | 150 | No | 2023-11-08 | 2023-12-08 | breakfastw |" classname="| John | Cena | 150 | No | 2023-11-08 | 2023-12-08 | breakfastw |" time="0.955"/>
  <testcase name="When I send a GET request to booking endpoint" classname="Scenario: Checking user can access all booking Id" time="0"/>
  <testcase name="Then I must get back a valid response code 200" classname="Scenario: Checking user can access all booking Id" time="0.001"/>
  <testcase name="Scenario: Checking user can access all booking Id" classname="Scenario: Checking user can access all booking Id" time="0.008"/>
  <testcase name="When I send a POST request to create a new booking with firstName&quot;sid&quot;, lastName&quot;thak&quot;, totalprice &quot;45&quot;, depositpaid &quot;yes&quot;, checkin &quot;2023-11-04&quot;, checkout&quot;2023-12-05&quot; additionalneeds &quot;breakfast&quot;" classname="| sid | thak | 45 | yes | 2023-11-04 | 2023-12-05 | breakfast |" time="0"/>
  <testcase name="Then I must get back a valid response code 201" classname="| sid | thak | 45 | yes | 2023-11-04 | 2023-12-05 | breakfast |" time="0"/>
  <testcase name="And I verfiy that new booking is created by &lt;&quot;id&quot;&gt;" classname="| sid | thak | 45 | yes | 2023-11-04 | 2023-12-05 | breakfast |" time="0"/>
  <testcase name="| sid | thak | 45 | yes | 2023-11-04 | 2023-12-05 | breakfast |" classname="| sid | thak | 45 | yes | 2023-11-04 | 2023-12-05 | breakfast |" time="0.053"/>
  <testcase name="When I send Put request with  firstName&quot;&lt;firstName&gt;&quot;, lastName&quot;&lt;lastName&gt;&quot;, totalprice &quot;&lt;totalprice&gt;&quot;, depositpaid &quot;&lt;depositpaid&gt;&quot;, checkin &quot;&lt;checkin&gt;&quot;, checkout&quot;&lt;checkout&gt;&quot; additionalneeds &quot;&lt;additionalneeds&gt;&quot;" classname="Scenario: Checking user can update an existing booking" time="0"/>
  <testcase name="Then I must get back a valid response code 200" classname="Scenario: Checking user can update an existing booking" time="0"/>
  <testcase name="Scenario: Checking user can update an existing booking" classname="Scenario: Checking user can update an existing booking" time="0.076"/>
  <testcase name="When I send delete requested id" classname="Scenario: Checking user can delete an existing record" time="0"/>
  <testcase name="Then I should see the response code 201" classname="Scenario: Checking user can delete an existing record" time="0"/>
  <testcase name="Scenario: Checking user can delete an existing record" classname="Scenario: Checking user can delete an existing record" time="0.037"/>
</testsuite>