<?xml version="1.0" encoding="UTF-8"?><testsuite errors="0" failures="0" name="com.restful.booker.restfulinfo.RestfulBookerWithTags" skipped="0" tests="3" time="1.96" timestamp="2023-01-10T16:40:16.737Z[Europe/London]"><testcase classname="com.restful.booker.restfulinfo.RestfulBookerWithTags" name="This test will return a correct response code 200 "/><testcase classname="com.restful.booker.restfulinfo.RestfulBookerWithTags" name="This method will get error code 404 when a method is use "/><testcase classname="com.restful.booker.restfulinfo.RestfulBookerWithTags" name="This test will provide an error code 403 "/></testsuite>